<?xml version="1.0" encoding="UTF-8"?>
<!-- Generated by org.testng.reporters.JUnitReportReporter -->
<testsuite hostname="LPTIN453" name="com.student.TestCases.TC002_BudgetsCRUDTestCase" tests="5" failures="0" timestamp="15 May 2020 16:20:24 GMT" time="2.226" errors="0">
  <testcase name="GetDeleteBudgets" time="0.396" classname="com.student.TestCases.TC002_BudgetsCRUDTestCase"/>
  <testcase name="DeleteRecordBudgets" time="0.442" classname="com.student.TestCases.TC002_BudgetsCRUDTestCase"/>
  <testcase name="CreateRecordBudgets" time="0.503" classname="com.student.TestCases.TC002_BudgetsCRUDTestCase"/>
  <testcase name="GetEditBudgets" time="0.432" classname="com.student.TestCases.TC002_BudgetsCRUDTestCase"/>
  <testcase name="EditRecordBudgets" time="0.453" classname="com.student.TestCases.TC002_BudgetsCRUDTestCase"/>
</testsuite> <!-- com.student.TestCases.TC002_BudgetsCRUDTestCase -->
