<?xml version="1.0" encoding="UTF-8"?>
<!-- Generated by org.testng.reporters.JUnitReportReporter -->
<testsuite hostname="LPTIN453" name="com.student.TestCases.TC001_SAPStatusCRUDTestCases" tests="5" failures="0" timestamp="13 May 2020 19:24:48 GMT" time="168.762" errors="0">
  <testcase name="EditfaSAPStatus" time="86.754" classname="com.student.TestCases.TC001_SAPStatusCRUDTestCases"/>
  <testcase name="GetEditModefaSAPStatus" time="78.454" classname="com.student.TestCases.TC001_SAPStatusCRUDTestCases"/>
  <testcase name="CreatefaSAPStatus" time="2.352" classname="com.student.TestCases.TC001_SAPStatusCRUDTestCases"/>
  <testcase name="SetUpBaseURL" time="0.509" classname="com.student.TestCases.TC001_SAPStatusCRUDTestCases"/>
  <testcase name="CreateCodeAlreadyExistsValidationfaSAPStatus" time="0.693" classname="com.student.TestCases.TC001_SAPStatusCRUDTestCases"/>
</testsuite> <!-- com.student.TestCases.TC001_SAPStatusCRUDTestCases -->
