<?xml version="1.0" encoding="UTF-8"?>
<!-- Generated by org.testng.reporters.JUnitReportReporter -->
<testsuite skipped="0" hostname="LPTIN453" name="Configuration.FinancialAid.TestCases.TC003_SAPStatusCRUDTestCases" tests="6" failures="0" timestamp="2020-06-05T00:45:00 IST" time="54.743" errors="0">
  <testcase name="CreatefaSAPStatus" time="0.814" classname="Configuration.FinancialAid.TestCases.TC003_SAPStatusCRUDTestCases"/>
  <testcase name="CreateCodeAlreadyExistsValidationfaSAPStatus" time="0.624" classname="Configuration.FinancialAid.TestCases.TC003_SAPStatusCRUDTestCases"/>
  <testcase name="GetEditModefaSAPStatus" time="0.647" classname="Configuration.FinancialAid.TestCases.TC003_SAPStatusCRUDTestCases"/>
  <testcase name="EditfaSAPStatus" time="51.369" classname="Configuration.FinancialAid.TestCases.TC003_SAPStatusCRUDTestCases"/>
  <testcase name="GetDeletefaSAPStatus" time="0.599" classname="Configuration.FinancialAid.TestCases.TC003_SAPStatusCRUDTestCases"/>
  <testcase name="DeletefaSAPStatus" time="0.690" classname="Configuration.FinancialAid.TestCases.TC003_SAPStatusCRUDTestCases"/>
</testsuite> <!-- Configuration.FinancialAid.TestCases.TC003_SAPStatusCRUDTestCases -->
