<?xml version="1.0" encoding="UTF-8"?>
<!-- Generated by org.testng.reporters.JUnitReportReporter -->
<testsuite skipped="0" hostname="LPTIN453" name="com.student.Configuration.TestCases.TC006_FAAcademicYearCRUDTestCases" tests="5" failures="0" timestamp="2020-05-31T02:54:05 IST" time="5.442" errors="0">
  <testcase name="CreateAcademicYear" time="0.645" classname="com.student.Configuration.TestCases.TC006_FAAcademicYearCRUDTestCases"/>
  <testcase name="getAcademicYear" time="0.589" classname="com.student.Configuration.TestCases.TC006_FAAcademicYearCRUDTestCases"/>
  <testcase name="EditAcademicYear" time="0.624" classname="com.student.Configuration.TestCases.TC006_FAAcademicYearCRUDTestCases"/>
  <testcase name="getDeleteAcademicYear" time="0.598" classname="com.student.Configuration.TestCases.TC006_FAAcademicYearCRUDTestCases"/>
  <testcase name="DeleteAcademicYear" time="2.986" classname="com.student.Configuration.TestCases.TC006_FAAcademicYearCRUDTestCases"/>
</testsuite> <!-- com.student.Configuration.TestCases.TC006_FAAcademicYearCRUDTestCases -->
