<?xml version="1.0" encoding="UTF-8"?>
<!-- Generated by org.testng.reporters.JUnitReportReporter -->
<testsuite skipped="0" hostname="LPTIN453" name="Configuration.AcademicRecords.TestCases.TC006_FAAcademicYearCRUDTestCases" tests="5" failures="0" timestamp="2020-06-05T00:45:00 IST" time="12.558" errors="0">
  <testcase name="CreateAcademicYear" time="1.230" classname="Configuration.AcademicRecords.TestCases.TC006_FAAcademicYearCRUDTestCases"/>
  <testcase name="getAcademicYear" time="1.141" classname="Configuration.AcademicRecords.TestCases.TC006_FAAcademicYearCRUDTestCases"/>
  <testcase name="EditAcademicYear" time="0.856" classname="Configuration.AcademicRecords.TestCases.TC006_FAAcademicYearCRUDTestCases"/>
  <testcase name="getDeleteAcademicYear" time="3.036" classname="Configuration.AcademicRecords.TestCases.TC006_FAAcademicYearCRUDTestCases"/>
  <testcase name="DeleteAcademicYear" time="6.295" classname="Configuration.AcademicRecords.TestCases.TC006_FAAcademicYearCRUDTestCases"/>
</testsuite> <!-- Configuration.AcademicRecords.TestCases.TC006_FAAcademicYearCRUDTestCases -->
