<?xml version="1.0" encoding="UTF-8"?>
<!-- Generated by org.testng.reporters.JUnitReportReporter -->
<testsuite skipped="0" hostname="LPTIN453" name="Configuration.AcademicRecords.TestCases.TC012_AdAdProgramVersionsCRUDTestCase" tests="6" failures="0" timestamp="2020-06-05T00:45:00 IST" time="40.389" errors="0">
  <testcase name="CreateProgramVersion" time="3.060" classname="Configuration.AcademicRecords.TestCases.TC012_AdAdProgramVersionsCRUDTestCase"/>
  <testcase name="CreateProgramVersion" time="0.881" classname="Configuration.AcademicRecords.TestCases.TC012_AdAdProgramVersionsCRUDTestCase"/>
  <testcase name="EditandGetProgramVersion" time="9.679" classname="Configuration.AcademicRecords.TestCases.TC012_AdAdProgramVersionsCRUDTestCase"/>
  <testcase name="EditandGetProgramVersion" time="18.489" classname="Configuration.AcademicRecords.TestCases.TC012_AdAdProgramVersionsCRUDTestCase"/>
  <testcase name="DeleteGetProgramVersion" time="6.639" classname="Configuration.AcademicRecords.TestCases.TC012_AdAdProgramVersionsCRUDTestCase"/>
  <testcase name="DeleteGetProgramVersion" time="1.641" classname="Configuration.AcademicRecords.TestCases.TC012_AdAdProgramVersionsCRUDTestCase"/>
</testsuite> <!-- Configuration.AcademicRecords.TestCases.TC012_AdAdProgramVersionsCRUDTestCase -->
