<?xml version="1.0" encoding="UTF-8"?>
<!-- Generated by org.testng.reporters.JUnitReportReporter -->
<testsuite skipped="0" hostname="LPTIN453" name="com.student.Configuration.TestCases.TC003_SAPStatusCRUDTestCases" tests="6" failures="0" timestamp="2020-05-31T02:54:05 IST" time="9.399" errors="0">
  <testcase name="CreatefaSAPStatus" time="0.705" classname="com.student.Configuration.TestCases.TC003_SAPStatusCRUDTestCases"/>
  <testcase name="CreateCodeAlreadyExistsValidationfaSAPStatus" time="0.616" classname="com.student.Configuration.TestCases.TC003_SAPStatusCRUDTestCases"/>
  <testcase name="GetEditModefaSAPStatus" time="0.542" classname="com.student.Configuration.TestCases.TC003_SAPStatusCRUDTestCases"/>
  <testcase name="EditfaSAPStatus" time="6.101" classname="com.student.Configuration.TestCases.TC003_SAPStatusCRUDTestCases"/>
  <testcase name="GetDeletefaSAPStatus" time="0.744" classname="com.student.Configuration.TestCases.TC003_SAPStatusCRUDTestCases"/>
  <testcase name="DeletefaSAPStatus" time="0.691" classname="com.student.Configuration.TestCases.TC003_SAPStatusCRUDTestCases"/>
</testsuite> <!-- com.student.Configuration.TestCases.TC003_SAPStatusCRUDTestCases -->
