<?xml version="1.0" encoding="UTF-8"?>
<!-- Generated by org.testng.reporters.JUnitReportReporter -->
<testsuite skipped="0" hostname="LPTIN453" name="Setting.FinancialAid.TestCases.TC001_FAProgramVersionsCRUDTestCases" tests="7" failures="0" timestamp="2020-06-05T00:45:00 IST" time="26.284" errors="0">
  <testcase name="CreateProgramVersion" time="0.641" classname="Setting.FinancialAid.TestCases.TC001_FAProgramVersionsCRUDTestCases"/>
  <testcase name="CreateProgramVersion" time="1.980" classname="Setting.FinancialAid.TestCases.TC001_FAProgramVersionsCRUDTestCases"/>
  <testcase name="CreateFAProgramVersionsWithTermaAsscoationValidatione" time="7.549" classname="Setting.FinancialAid.TestCases.TC001_FAProgramVersionsCRUDTestCases"/>
  <testcase name="CreateFAProgramVersionsWithTermaAsscoationValidatione" time="2.298" classname="Setting.FinancialAid.TestCases.TC001_FAProgramVersionsCRUDTestCases"/>
  <testcase name="CreateFAProgramVersions" time="3.109" classname="Setting.FinancialAid.TestCases.TC001_FAProgramVersionsCRUDTestCases"/>
  <testcase name="DeleteFAProgramVesrions" time="3.560" classname="Setting.FinancialAid.TestCases.TC001_FAProgramVersionsCRUDTestCases"/>
  <testcase name="CreateFAProgramVersions" time="7.147" classname="Setting.FinancialAid.TestCases.TC001_FAProgramVersionsCRUDTestCases"/>
</testsuite> <!-- Setting.FinancialAid.TestCases.TC001_FAProgramVersionsCRUDTestCases -->
