<?xml version="1.0" encoding="UTF-8"?>
<!-- Generated by org.testng.reporters.JUnitReportReporter -->
<testsuite skipped="0" hostname="LPTIN453" name="com.student.Configuration.TestCases.TC004_faSAPPoliciesandPloicyDetailsCRUDTestCases" tests="11" failures="0" timestamp="2020-05-17T17:19:57 IST" time="7.142" errors="0">
  <testcase name="CreatefaSAPStatus" time="0.658" classname="com.student.Configuration.TestCases.TC004_faSAPPoliciesandPloicyDetailsCRUDTestCases"/>
  <testcase name="CreateNewGroups" time="0.656" classname="com.student.Configuration.TestCases.TC004_faSAPPoliciesandPloicyDetailsCRUDTestCases"/>
  <testcase name="CreateSAPPolicies" time="0.772" classname="com.student.Configuration.TestCases.TC004_faSAPPoliciesandPloicyDetailsCRUDTestCases"/>
  <testcase name="GetEditSAPPolicies" time="0.587" classname="com.student.Configuration.TestCases.TC004_faSAPPoliciesandPloicyDetailsCRUDTestCases"/>
  <testcase name="EditSAPPolicies" time="0.700" classname="com.student.Configuration.TestCases.TC004_faSAPPoliciesandPloicyDetailsCRUDTestCases"/>
  <testcase name="GetDeleteSAPPolicies" time="0.614" classname="com.student.Configuration.TestCases.TC004_faSAPPoliciesandPloicyDetailsCRUDTestCases"/>
  <testcase name="DeleteAPPolicies" time="0.609" classname="com.student.Configuration.TestCases.TC004_faSAPPoliciesandPloicyDetailsCRUDTestCases"/>
  <testcase name="GetDeleteGroups" time="0.553" classname="com.student.Configuration.TestCases.TC004_faSAPPoliciesandPloicyDetailsCRUDTestCases"/>
  <testcase name="DeleteGroupsandAddStudentMember" time="0.668" classname="com.student.Configuration.TestCases.TC004_faSAPPoliciesandPloicyDetailsCRUDTestCases"/>
  <testcase name="GetDeletefaSAPStatus" time="0.610" classname="com.student.Configuration.TestCases.TC004_faSAPPoliciesandPloicyDetailsCRUDTestCases"/>
  <testcase name="DeletefaSAPStatus" time="0.715" classname="com.student.Configuration.TestCases.TC004_faSAPPoliciesandPloicyDetailsCRUDTestCases"/>
</testsuite> <!-- com.student.Configuration.TestCases.TC004_faSAPPoliciesandPloicyDetailsCRUDTestCases -->
