<?xml version="1.0" encoding="UTF-8"?>
<!-- Generated by org.testng.reporters.JUnitReportReporter -->
<testsuite hostname="LPTIN453" name="com.student.TestCases.TC001_VisaTypeCRUDTestCase" tests="6" failures="0" timestamp="13 May 2020 14:35:28 GMT" time="5.357" errors="0">
  <testcase name="GetforDeleteVisaType" time="0.595" classname="com.student.TestCases.TC001_VisaTypeCRUDTestCase"/>
  <testcase name="CreateVisaType" time="2.017" classname="com.student.TestCases.TC001_VisaTypeCRUDTestCase"/>
  <testcase name="CodeValidationinewNewMode" time="0.549" classname="com.student.TestCases.TC001_VisaTypeCRUDTestCase"/>
  <testcase name="EditVisaType" time="0.616" classname="com.student.TestCases.TC001_VisaTypeCRUDTestCase"/>
  <testcase name="DeleteVisaType" time="0.550" classname="com.student.TestCases.TC001_VisaTypeCRUDTestCase"/>
  <testcase name="GetforEditVisaType" time="1.030" classname="com.student.TestCases.TC001_VisaTypeCRUDTestCase"/>
</testsuite> <!-- com.student.TestCases.TC001_VisaTypeCRUDTestCase -->
