<?xml version="1.0" encoding="UTF-8"?>
<!-- Generated by org.testng.reporters.JUnitReportReporter -->
<testsuite skipped="0" hostname="LPTIN453" name="com.student.Configuration.TestCases.TC009_TermsCRUDTestCases" tests="9" failures="0" timestamp="2020-05-31T02:54:05 IST" time="137.237" errors="0">
  <testcase name="CreateTerms" time="0.729" classname="com.student.Configuration.TestCases.TC009_TermsCRUDTestCases"/>
  <testcase name="CreateTerms" time="0.707" classname="com.student.Configuration.TestCases.TC009_TermsCRUDTestCases"/>
  <testcase name="CreateTerms" time="0.700" classname="com.student.Configuration.TestCases.TC009_TermsCRUDTestCases"/>
  <testcase name="CreateTerms" time="0.703" classname="com.student.Configuration.TestCases.TC009_TermsCRUDTestCases"/>
  <testcase name="EditTerms" time="1.308" classname="com.student.Configuration.TestCases.TC009_TermsCRUDTestCases"/>
  <testcase name="EditTerms" time="1.297" classname="com.student.Configuration.TestCases.TC009_TermsCRUDTestCases"/>
  <testcase name="EditTerms" time="1.223" classname="com.student.Configuration.TestCases.TC009_TermsCRUDTestCases"/>
  <testcase name="EditTerms" time="1.236" classname="com.student.Configuration.TestCases.TC009_TermsCRUDTestCases"/>
  <testcase name="DeleteTerms" time="129.334" classname="com.student.Configuration.TestCases.TC009_TermsCRUDTestCases"/>
</testsuite> <!-- com.student.Configuration.TestCases.TC009_TermsCRUDTestCases -->
