<?xml version="1.0" encoding="UTF-8"?>
<!-- Generated by org.testng.reporters.JUnitReportReporter -->
<testsuite skipped="0" hostname="LPTIN453" name="Configuration.AcademicRecords.TestCases.TC011_AdPrograms" tests="6" failures="0" timestamp="2020-06-05T00:45:00 IST" time="25.749" errors="0">
  <testcase name="CreateAdPrograms" time="8.877" classname="Configuration.AcademicRecords.TestCases.TC011_AdPrograms"/>
  <testcase name="CreateAdPrograms" time="4.685" classname="Configuration.AcademicRecords.TestCases.TC011_AdPrograms"/>
  <testcase name="CodeAlreadyExistsValidationAdPrograms" time="1.384" classname="Configuration.AcademicRecords.TestCases.TC011_AdPrograms"/>
  <testcase name="CodeAlreadyExistsValidationAdPrograms" time="6.619" classname="Configuration.AcademicRecords.TestCases.TC011_AdPrograms"/>
  <testcase name="GetandDeleteAdPrograms" time="1.841" classname="Configuration.AcademicRecords.TestCases.TC011_AdPrograms"/>
  <testcase name="GetandDeleteAdPrograms" time="2.343" classname="Configuration.AcademicRecords.TestCases.TC011_AdPrograms"/>
</testsuite> <!-- Configuration.AcademicRecords.TestCases.TC011_AdPrograms -->
