<?xml version="1.0" encoding="UTF-8"?>
<!-- Generated by org.testng.reporters.JUnitReportReporter -->
<testsuite skipped="0" hostname="LPTIN453" name="com.student.Configuration.TestCases.TC004_faSAPStatusCRUDTestCases" tests="6" failures="0" timestamp="2020-05-31T02:38:07 IST" time="12.033" errors="0">
  <testcase name="CreatefaSAPStatus" time="2.106" classname="com.student.Configuration.TestCases.TC004_faSAPStatusCRUDTestCases"/>
  <testcase name="CreateCodeAlreadyExistsValidationfaSAPStatus" time="0.684" classname="com.student.Configuration.TestCases.TC004_faSAPStatusCRUDTestCases"/>
  <testcase name="GetEditModefaSAPStatus" time="0.680" classname="com.student.Configuration.TestCases.TC004_faSAPStatusCRUDTestCases"/>
  <testcase name="EditfaSAPStatus" time="7.117" classname="com.student.Configuration.TestCases.TC004_faSAPStatusCRUDTestCases"/>
  <testcase name="GetDeletefaSAPStatus" time="0.645" classname="com.student.Configuration.TestCases.TC004_faSAPStatusCRUDTestCases"/>
  <testcase name="DeletefaSAPStatus" time="0.801" classname="com.student.Configuration.TestCases.TC004_faSAPStatusCRUDTestCases"/>
</testsuite> <!-- com.student.Configuration.TestCases.TC004_faSAPStatusCRUDTestCases -->
