<?xml version="1.0" encoding="UTF-8"?>
<!-- Generated by org.testng.reporters.JUnitReportReporter -->
<testsuite skipped="0" hostname="LPTIN453" name="Configuration.AcademicRecords.TestCases.TC009_TermsCRUDTestCases" tests="9" failures="0" timestamp="2020-06-05T00:45:00 IST" time="138.498" errors="0">
  <testcase name="CreateTerms" time="0.764" classname="Configuration.AcademicRecords.TestCases.TC009_TermsCRUDTestCases"/>
  <testcase name="CreateTerms" time="5.981" classname="Configuration.AcademicRecords.TestCases.TC009_TermsCRUDTestCases"/>
  <testcase name="CreateTerms" time="0.786" classname="Configuration.AcademicRecords.TestCases.TC009_TermsCRUDTestCases"/>
  <testcase name="CreateTerms" time="1.065" classname="Configuration.AcademicRecords.TestCases.TC009_TermsCRUDTestCases"/>
  <testcase name="EditTerms" time="2.719" classname="Configuration.AcademicRecords.TestCases.TC009_TermsCRUDTestCases"/>
  <testcase name="EditTerms" time="2.636" classname="Configuration.AcademicRecords.TestCases.TC009_TermsCRUDTestCases"/>
  <testcase name="EditTerms" time="2.582" classname="Configuration.AcademicRecords.TestCases.TC009_TermsCRUDTestCases"/>
  <testcase name="EditTerms" time="1.411" classname="Configuration.AcademicRecords.TestCases.TC009_TermsCRUDTestCases"/>
  <testcase name="DeleteTerms" time="120.554" classname="Configuration.AcademicRecords.TestCases.TC009_TermsCRUDTestCases"/>
</testsuite> <!-- Configuration.AcademicRecords.TestCases.TC009_TermsCRUDTestCases -->
