<?xml version="1.0" encoding="UTF-8"?>
<!-- Generated by org.testng.reporters.JUnitReportReporter -->
<testsuite skipped="0" hostname="LPTIN453" name="Configuration.FinancialAid.TestCases.TC002_BudgetsCRUDTestCase" tests="5" failures="0" timestamp="2020-06-05T00:45:00 IST" time="10.207" errors="0">
  <testcase name="CreateRecordBudgets" time="7.243" classname="Configuration.FinancialAid.TestCases.TC002_BudgetsCRUDTestCase"/>
  <testcase name="GetEditBudgets" time="0.894" classname="Configuration.FinancialAid.TestCases.TC002_BudgetsCRUDTestCase"/>
  <testcase name="EditRecordBudgets" time="0.723" classname="Configuration.FinancialAid.TestCases.TC002_BudgetsCRUDTestCase"/>
  <testcase name="GetDeleteBudgets" time="0.641" classname="Configuration.FinancialAid.TestCases.TC002_BudgetsCRUDTestCase"/>
  <testcase name="DeleteRecordBudgets" time="0.706" classname="Configuration.FinancialAid.TestCases.TC002_BudgetsCRUDTestCase"/>
</testsuite> <!-- Configuration.FinancialAid.TestCases.TC002_BudgetsCRUDTestCase -->
