<?xml version="1.0" encoding="UTF-8"?>
<!-- Generated by org.testng.reporters.JUnitReportReporter -->
<testsuite skipped="0" hostname="LPTIN453" name="com.student.Configuration.TestCases.TC007_CampusesECRUDTestCases" tests="4" failures="0" timestamp="2020-05-31T02:54:05 IST" time="27.197" errors="0">
  <testcase name="CreateCampus" time="10.244" classname="com.student.Configuration.TestCases.TC007_CampusesECRUDTestCases"/>
  <testcase name="GetCampus" time="1.224" classname="com.student.Configuration.TestCases.TC007_CampusesECRUDTestCases"/>
  <testcase name="EditCampus" time="1.468" classname="com.student.Configuration.TestCases.TC007_CampusesECRUDTestCases"/>
  <testcase name="DeleteCampus" time="14.261" classname="com.student.Configuration.TestCases.TC007_CampusesECRUDTestCases"/>
</testsuite> <!-- com.student.Configuration.TestCases.TC007_CampusesECRUDTestCases -->
