<?xml version="1.0" encoding="UTF-8"?>
<!-- Generated by org.testng.reporters.JUnitReportReporter -->
<testsuite skipped="0" hostname="LPTIN453" name="com.student.Configuration.TestCases.TC007_CampusesECRUDTestCases" tests="4" failures="0" timestamp="2020-06-01T12:44:58 IST" time="22.382" errors="0">
  <testcase name="CreateCampus" time="9.885" classname="com.student.Configuration.TestCases.TC007_CampusesECRUDTestCases"/>
  <testcase name="GetCampus" time="1.406" classname="com.student.Configuration.TestCases.TC007_CampusesECRUDTestCases"/>
  <testcase name="EditCampus" time="0.806" classname="com.student.Configuration.TestCases.TC007_CampusesECRUDTestCases"/>
  <testcase name="DeleteCampus" time="10.285" classname="com.student.Configuration.TestCases.TC007_CampusesECRUDTestCases"/>
</testsuite> <!-- com.student.Configuration.TestCases.TC007_CampusesECRUDTestCases -->
