<?xml version="1.0" encoding="UTF-8"?>
<!-- Generated by org.testng.reporters.JUnitReportReporter -->
<testsuite skipped="0" hostname="LPTIN453" name="com.student.Configuration.TestCases.TC012_AdAdProgramVersionsCRUDTestCase" tests="6" failures="0" timestamp="2020-06-01T12:44:58 IST" time="7.725" errors="0">
  <testcase name="CreateProgramVersion" time="0.718" classname="com.student.Configuration.TestCases.TC012_AdAdProgramVersionsCRUDTestCase"/>
  <testcase name="CreateProgramVersion" time="0.839" classname="com.student.Configuration.TestCases.TC012_AdAdProgramVersionsCRUDTestCase"/>
  <testcase name="EditandGetProgramVersion" time="1.490" classname="com.student.Configuration.TestCases.TC012_AdAdProgramVersionsCRUDTestCase"/>
  <testcase name="EditandGetProgramVersion" time="1.244" classname="com.student.Configuration.TestCases.TC012_AdAdProgramVersionsCRUDTestCase"/>
  <testcase name="DeleteGetProgramVersion" time="1.941" classname="com.student.Configuration.TestCases.TC012_AdAdProgramVersionsCRUDTestCase"/>
  <testcase name="DeleteGetProgramVersion" time="1.493" classname="com.student.Configuration.TestCases.TC012_AdAdProgramVersionsCRUDTestCase"/>
</testsuite> <!-- com.student.Configuration.TestCases.TC012_AdAdProgramVersionsCRUDTestCase -->
