<?xml version="1.0" encoding="UTF-8"?>
<!-- Generated by org.testng.reporters.JUnitReportReporter -->
<testsuite skipped="0" hostname="LPTIN453" name="com.student.Configuration.TestCases.TC004_faSAPPoliciesandPloicyDetailsCRUDTestCases" tests="11" failures="0" timestamp="2020-05-31T02:54:05 IST" time="6.712" errors="0">
  <testcase name="CreatefaSAPStatus" time="0.577" classname="com.student.Configuration.TestCases.TC004_faSAPPoliciesandPloicyDetailsCRUDTestCases"/>
  <testcase name="CreateNewGroups" time="0.589" classname="com.student.Configuration.TestCases.TC004_faSAPPoliciesandPloicyDetailsCRUDTestCases"/>
  <testcase name="CreateSAPPolicies" time="0.585" classname="com.student.Configuration.TestCases.TC004_faSAPPoliciesandPloicyDetailsCRUDTestCases"/>
  <testcase name="GetEditSAPPolicies" time="0.592" classname="com.student.Configuration.TestCases.TC004_faSAPPoliciesandPloicyDetailsCRUDTestCases"/>
  <testcase name="EditSAPPolicies" time="0.614" classname="com.student.Configuration.TestCases.TC004_faSAPPoliciesandPloicyDetailsCRUDTestCases"/>
  <testcase name="GetDeleteSAPPolicies" time="0.624" classname="com.student.Configuration.TestCases.TC004_faSAPPoliciesandPloicyDetailsCRUDTestCases"/>
  <testcase name="DeleteAPPolicies" time="0.598" classname="com.student.Configuration.TestCases.TC004_faSAPPoliciesandPloicyDetailsCRUDTestCases"/>
  <testcase name="GetDeleteGroups" time="0.619" classname="com.student.Configuration.TestCases.TC004_faSAPPoliciesandPloicyDetailsCRUDTestCases"/>
  <testcase name="DeleteGroupsandAddStudentMember" time="0.595" classname="com.student.Configuration.TestCases.TC004_faSAPPoliciesandPloicyDetailsCRUDTestCases"/>
  <testcase name="GetDeletefaSAPStatus" time="0.610" classname="com.student.Configuration.TestCases.TC004_faSAPPoliciesandPloicyDetailsCRUDTestCases"/>
  <testcase name="DeletefaSAPStatus" time="0.709" classname="com.student.Configuration.TestCases.TC004_faSAPPoliciesandPloicyDetailsCRUDTestCases"/>
</testsuite> <!-- com.student.Configuration.TestCases.TC004_faSAPPoliciesandPloicyDetailsCRUDTestCases -->
