<?xml version="1.0" encoding="UTF-8"?>
<!-- Generated by org.testng.reporters.JUnitReportReporter -->
<testsuite skipped="0" hostname="LPTIN453" name="com.student.Configuration.TestCases.TC006_FAAcademicYearCRUDTestCases" tests="5" failures="0" timestamp="2020-06-01T12:44:58 IST" time="5.890" errors="0">
  <testcase name="CreateAcademicYear" time="0.689" classname="com.student.Configuration.TestCases.TC006_FAAcademicYearCRUDTestCases"/>
  <testcase name="getAcademicYear" time="0.888" classname="com.student.Configuration.TestCases.TC006_FAAcademicYearCRUDTestCases"/>
  <testcase name="EditAcademicYear" time="0.649" classname="com.student.Configuration.TestCases.TC006_FAAcademicYearCRUDTestCases"/>
  <testcase name="getDeleteAcademicYear" time="0.586" classname="com.student.Configuration.TestCases.TC006_FAAcademicYearCRUDTestCases"/>
  <testcase name="DeleteAcademicYear" time="3.078" classname="com.student.Configuration.TestCases.TC006_FAAcademicYearCRUDTestCases"/>
</testsuite> <!-- com.student.Configuration.TestCases.TC006_FAAcademicYearCRUDTestCases -->
