<?xml version="1.0" encoding="UTF-8"?>
<!-- Generated by org.testng.reporters.JUnitReportReporter -->
<testsuite skipped="0" hostname="LPTIN453" name="Configuration.AcademicRecords.TestCases.TC009_TermsCRUDTestCases" tests="5" failures="0" timestamp="2020-06-06T02:56:42 IST" time="61.760" errors="0">
  <testcase name="CreateTerms" time="2.066" classname="Configuration.AcademicRecords.TestCases.TC009_TermsCRUDTestCases"/>
  <testcase name="CreateTerms" time="0.730" classname="Configuration.AcademicRecords.TestCases.TC009_TermsCRUDTestCases"/>
  <testcase name="EditTerms" time="1.911" classname="Configuration.AcademicRecords.TestCases.TC009_TermsCRUDTestCases"/>
  <testcase name="EditTerms" time="1.243" classname="Configuration.AcademicRecords.TestCases.TC009_TermsCRUDTestCases"/>
  <testcase name="DeleteTerms" time="55.810" classname="Configuration.AcademicRecords.TestCases.TC009_TermsCRUDTestCases"/>
</testsuite> <!-- Configuration.AcademicRecords.TestCases.TC009_TermsCRUDTestCases -->
