<?xml version="1.0" encoding="UTF-8"?>
<!-- Generated by org.testng.reporters.JUnitReportReporter -->
<testsuite skipped="0" hostname="LPTIN453" name="com.student.Configuration.TestCases.TC001_VisaTypeCRUDTestCase" tests="6" failures="0" timestamp="2020-06-01T12:44:58 IST" time="3.823" errors="0">
  <testcase name="CreateVisaType" time="0.658" classname="com.student.Configuration.TestCases.TC001_VisaTypeCRUDTestCase"/>
  <testcase name="CodeValidationinewNewMode" time="0.635" classname="com.student.Configuration.TestCases.TC001_VisaTypeCRUDTestCase"/>
  <testcase name="GetforEditVisaType" time="0.682" classname="com.student.Configuration.TestCases.TC001_VisaTypeCRUDTestCase"/>
  <testcase name="EditVisaType" time="0.665" classname="com.student.Configuration.TestCases.TC001_VisaTypeCRUDTestCase"/>
  <testcase name="GetforDeleteVisaType" time="0.549" classname="com.student.Configuration.TestCases.TC001_VisaTypeCRUDTestCase"/>
  <testcase name="DeleteVisaType" time="0.634" classname="com.student.Configuration.TestCases.TC001_VisaTypeCRUDTestCase"/>
</testsuite> <!-- com.student.Configuration.TestCases.TC001_VisaTypeCRUDTestCase -->
