<?xml version="1.0" encoding="UTF-8"?>
<!-- Generated by org.testng.reporters.JUnitReportReporter -->
<testsuite skipped="0" hostname="LPTIN453" name="com.student.DataBase.DBConnectionManage" tests="1" failures="0" timestamp="2020-05-17T02:13:02 IST" time="0.062" errors="0">
  <testcase name="sqlconnectionfortest" time="0.062" classname="com.student.DataBase.DBConnectionManage"/>
</testsuite> <!-- com.student.DataBase.DBConnectionManage -->
