<?xml version="1.0" encoding="UTF-8"?>
<!-- Generated by org.testng.reporters.JUnitReportReporter -->
<testsuite hostname="LPTIN453" name="com.student.TestCases.TC003_SAPStatusCRUDTestCases" tests="9" failures="0" timestamp="15 May 2020 16:20:24 GMT" time="3.699" errors="0">
  <testcase name="CreateCodeAlreadyExistsValidationfaSAPStatus" time="0.407" classname="com.student.TestCases.TC003_SAPStatusCRUDTestCases"/>
  <testcase name="CreateNewGroups" time="0.428" classname="com.student.TestCases.TC003_SAPStatusCRUDTestCases"/>
  <testcase name="DeletefaSAPStatus" time="0.474" classname="com.student.TestCases.TC003_SAPStatusCRUDTestCases"/>
  <testcase name="EditfaSAPStatus" time="0.431" classname="com.student.TestCases.TC003_SAPStatusCRUDTestCases"/>
  <testcase name="GetDeletefaSAPStatus" time="0.378" classname="com.student.TestCases.TC003_SAPStatusCRUDTestCases"/>
  <testcase name="CreatefaSAPStatus" time="0.489" classname="com.student.TestCases.TC003_SAPStatusCRUDTestCases"/>
  <testcase name="DeleteGroupsandAddStudentMember" time="0.395" classname="com.student.TestCases.TC003_SAPStatusCRUDTestCases"/>
  <testcase name="GetEditModefaSAPStatus" time="0.359" classname="com.student.TestCases.TC003_SAPStatusCRUDTestCases"/>
  <testcase name="GetDeleteGroups" time="0.338" classname="com.student.TestCases.TC003_SAPStatusCRUDTestCases"/>
</testsuite> <!-- com.student.TestCases.TC003_SAPStatusCRUDTestCases -->
