<?xml version="1.0" encoding="UTF-8"?>
<!-- Generated by org.testng.reporters.JUnitReportReporter -->
<testsuite skipped="0" hostname="LPTIN453" name="com.student.Configuration.TestCases.TC005_Groups" tests="5" failures="0" timestamp="2020-06-01T12:44:58 IST" time="3.245" errors="0">
  <testcase name="CreateNewGroups" time="0.646" classname="com.student.Configuration.TestCases.TC005_Groups"/>
  <testcase name="GetEditGroups" time="0.591" classname="com.student.Configuration.TestCases.TC005_Groups"/>
  <testcase name="EditGroupsandAddStudentMember" time="0.667" classname="com.student.Configuration.TestCases.TC005_Groups"/>
  <testcase name="GetDeleteGroups" time="0.609" classname="com.student.Configuration.TestCases.TC005_Groups"/>
  <testcase name="DeleteGroupsandAddStudentMember" time="0.732" classname="com.student.Configuration.TestCases.TC005_Groups"/>
</testsuite> <!-- com.student.Configuration.TestCases.TC005_Groups -->
