<?xml version="1.0" encoding="UTF-8"?>
<!-- Generated by org.testng.reporters.JUnitReportReporter -->
<testsuite skipped="0" hostname="LPTIN453" name="Setting.FinancialAid.TestCases.TC007_CampusesECRUDTestCases" tests="4" failures="0" timestamp="2020-06-05T00:47:28 IST" time="16.466" errors="0">
  <testcase name="CreateCampus" time="3.540" classname="Setting.FinancialAid.TestCases.TC007_CampusesECRUDTestCases"/>
  <testcase name="GetCampus" time="4.585" classname="Setting.FinancialAid.TestCases.TC007_CampusesECRUDTestCases"/>
  <testcase name="EditCampus" time="0.830" classname="Setting.FinancialAid.TestCases.TC007_CampusesECRUDTestCases"/>
  <testcase name="DeleteCampus" time="7.511" classname="Setting.FinancialAid.TestCases.TC007_CampusesECRUDTestCases"/>
</testsuite> <!-- Setting.FinancialAid.TestCases.TC007_CampusesECRUDTestCases -->
