<?xml version="1.0" encoding="UTF-8"?>
<!-- Generated by org.testng.reporters.JUnitReportReporter -->
<testsuite hostname="LPTIN453" name="com.student.TestCases.TC002_BudgetsCRUDTestCase" tests="5" failures="0" timestamp="13 May 2020 14:35:28 GMT" time="2.901" errors="0">
  <testcase name="EditRecordBudgets" time="0.599" classname="com.student.TestCases.TC002_BudgetsCRUDTestCase"/>
  <testcase name="GetDeleteBudgets" time="0.514" classname="com.student.TestCases.TC002_BudgetsCRUDTestCase"/>
  <testcase name="CreateRecordBudgets" time="0.600" classname="com.student.TestCases.TC002_BudgetsCRUDTestCase"/>
  <testcase name="GetEditBudgets" time="0.595" classname="com.student.TestCases.TC002_BudgetsCRUDTestCase"/>
  <testcase name="DeleteRecordBudgets" time="0.593" classname="com.student.TestCases.TC002_BudgetsCRUDTestCase"/>
</testsuite> <!-- com.student.TestCases.TC002_BudgetsCRUDTestCase -->
