<?xml version="1.0" encoding="UTF-8"?>
<!-- Generated by org.testng.reporters.JUnitReportReporter -->
<testsuite skipped="0" hostname="LPTIN453" name="com.student.Configuration.TestCases.TC003_SAPStatusCRUDTestCases" tests="6" failures="0" timestamp="2020-06-01T12:44:58 IST" time="8.893" errors="0">
  <testcase name="CreatefaSAPStatus" time="0.665" classname="com.student.Configuration.TestCases.TC003_SAPStatusCRUDTestCases"/>
  <testcase name="CreateCodeAlreadyExistsValidationfaSAPStatus" time="0.586" classname="com.student.Configuration.TestCases.TC003_SAPStatusCRUDTestCases"/>
  <testcase name="GetEditModefaSAPStatus" time="0.625" classname="com.student.Configuration.TestCases.TC003_SAPStatusCRUDTestCases"/>
  <testcase name="EditfaSAPStatus" time="5.727" classname="com.student.Configuration.TestCases.TC003_SAPStatusCRUDTestCases"/>
  <testcase name="GetDeletefaSAPStatus" time="0.606" classname="com.student.Configuration.TestCases.TC003_SAPStatusCRUDTestCases"/>
  <testcase name="DeletefaSAPStatus" time="0.684" classname="com.student.Configuration.TestCases.TC003_SAPStatusCRUDTestCases"/>
</testsuite> <!-- com.student.Configuration.TestCases.TC003_SAPStatusCRUDTestCases -->
