<?xml version="1.0" encoding="UTF-8"?>
<!-- Generated by org.testng.reporters.JUnitReportReporter -->
<testsuite skipped="0" hostname="LPTIN453" name="com.student.Configuration.TestCases.TC002_BudgetsCRUDTestCase" tests="5" failures="0" timestamp="2020-05-17T17:19:57 IST" time="3.368" errors="0">
  <testcase name="CreateRecordBudgets" time="0.697" classname="com.student.Configuration.TestCases.TC002_BudgetsCRUDTestCase"/>
  <testcase name="GetEditBudgets" time="0.573" classname="com.student.Configuration.TestCases.TC002_BudgetsCRUDTestCase"/>
  <testcase name="EditRecordBudgets" time="0.688" classname="com.student.Configuration.TestCases.TC002_BudgetsCRUDTestCase"/>
  <testcase name="GetDeleteBudgets" time="0.703" classname="com.student.Configuration.TestCases.TC002_BudgetsCRUDTestCase"/>
  <testcase name="DeleteRecordBudgets" time="0.707" classname="com.student.Configuration.TestCases.TC002_BudgetsCRUDTestCase"/>
</testsuite> <!-- com.student.Configuration.TestCases.TC002_BudgetsCRUDTestCase -->
