<?xml version="1.0" encoding="UTF-8"?>
<!-- Generated by org.testng.reporters.JUnitReportReporter -->
<testsuite hostname="LPTIN453" name="com.student.TestCases.TC001_VisaTypeCRUDTestCase" tests="6" failures="0" timestamp="15 May 2020 16:20:24 GMT" time="6.119" errors="0">
  <testcase name="GetforEditVisaType" time="0.387" classname="com.student.TestCases.TC001_VisaTypeCRUDTestCase"/>
  <testcase name="GetforDeleteVisaType" time="0.376" classname="com.student.TestCases.TC001_VisaTypeCRUDTestCase"/>
  <testcase name="DeleteVisaType" time="0.498" classname="com.student.TestCases.TC001_VisaTypeCRUDTestCase"/>
  <testcase name="EditVisaType" time="0.449" classname="com.student.TestCases.TC001_VisaTypeCRUDTestCase"/>
  <testcase name="CreateVisaType" time="3.992" classname="com.student.TestCases.TC001_VisaTypeCRUDTestCase"/>
  <testcase name="CodeValidationinewNewMode" time="0.417" classname="com.student.TestCases.TC001_VisaTypeCRUDTestCase"/>
</testsuite> <!-- com.student.TestCases.TC001_VisaTypeCRUDTestCase -->
