<?xml version="1.0" encoding="UTF-8"?>
<!-- Generated by org.testng.reporters.JUnitReportReporter -->
<testsuite skipped="0" hostname="LPTIN453" name="com.student.Configuration.TestCases.TC009_TermsCRUDTestCases" tests="9" failures="0" timestamp="2020-06-01T12:44:58 IST" time="130.505" errors="0">
  <testcase name="CreateTerms" time="0.654" classname="com.student.Configuration.TestCases.TC009_TermsCRUDTestCases"/>
  <testcase name="CreateTerms" time="0.667" classname="com.student.Configuration.TestCases.TC009_TermsCRUDTestCases"/>
  <testcase name="CreateTerms" time="0.678" classname="com.student.Configuration.TestCases.TC009_TermsCRUDTestCases"/>
  <testcase name="CreateTerms" time="0.713" classname="com.student.Configuration.TestCases.TC009_TermsCRUDTestCases"/>
  <testcase name="EditTerms" time="1.967" classname="com.student.Configuration.TestCases.TC009_TermsCRUDTestCases"/>
  <testcase name="EditTerms" time="1.257" classname="com.student.Configuration.TestCases.TC009_TermsCRUDTestCases"/>
  <testcase name="EditTerms" time="1.246" classname="com.student.Configuration.TestCases.TC009_TermsCRUDTestCases"/>
  <testcase name="EditTerms" time="1.272" classname="com.student.Configuration.TestCases.TC009_TermsCRUDTestCases"/>
  <testcase name="DeleteTerms" time="122.051" classname="com.student.Configuration.TestCases.TC009_TermsCRUDTestCases"/>
</testsuite> <!-- com.student.Configuration.TestCases.TC009_TermsCRUDTestCases -->
