<?xml version="1.0" encoding="UTF-8"?>
<!-- Generated by org.testng.reporters.JUnitReportReporter -->
<testsuite skipped="0" hostname="LPTIN453" name="com.student.Configuration.TestCases.TC011_AdPrograms" tests="6" failures="0" timestamp="2020-05-31T02:54:05 IST" time="8.388" errors="0">
  <testcase name="CreateAdPrograms" time="1.304" classname="com.student.Configuration.TestCases.TC011_AdPrograms"/>
  <testcase name="CreateAdPrograms" time="1.393" classname="com.student.Configuration.TestCases.TC011_AdPrograms"/>
  <testcase name="CodeAlreadyExistsValidationAdPrograms" time="1.234" classname="com.student.Configuration.TestCases.TC011_AdPrograms"/>
  <testcase name="CodeAlreadyExistsValidationAdPrograms" time="1.335" classname="com.student.Configuration.TestCases.TC011_AdPrograms"/>
  <testcase name="GetandDeleteAdPrograms" time="1.549" classname="com.student.Configuration.TestCases.TC011_AdPrograms"/>
  <testcase name="GetandDeleteAdPrograms" time="1.573" classname="com.student.Configuration.TestCases.TC011_AdPrograms"/>
</testsuite> <!-- com.student.Configuration.TestCases.TC011_AdPrograms -->
