<?xml version="1.0" encoding="UTF-8"?>
<!-- Generated by org.testng.reporters.JUnitReportReporter -->
<testsuite skipped="0" hostname="LPTIN453" name="com.student.Configuration.TestCases.TC006_FAAcademicYearCRUDTestCases" tests="5" failures="0" timestamp="2020-05-23T21:23:46 IST" time="16.471" errors="0">
  <testcase name="CreateAcademicYear" time="10.632" classname="com.student.Configuration.TestCases.TC006_FAAcademicYearCRUDTestCases"/>
  <testcase name="getAcademicYear" time="0.707" classname="com.student.Configuration.TestCases.TC006_FAAcademicYearCRUDTestCases"/>
  <testcase name="EditAcademicYear" time="0.643" classname="com.student.Configuration.TestCases.TC006_FAAcademicYearCRUDTestCases"/>
  <testcase name="getDeleteAcademicYear" time="0.553" classname="com.student.Configuration.TestCases.TC006_FAAcademicYearCRUDTestCases"/>
  <testcase name="DeleteAcademicYear" time="3.936" classname="com.student.Configuration.TestCases.TC006_FAAcademicYearCRUDTestCases"/>
</testsuite> <!-- com.student.Configuration.TestCases.TC006_FAAcademicYearCRUDTestCases -->
