<?xml version="1.0" encoding="UTF-8"?>
<!-- Generated by org.testng.reporters.JUnitReportReporter -->
<testsuite skipped="0" hostname="LPTIN453" name="com.student.Configuration.TestCases.TC003_SAPStatusCRUDTestCases" tests="6" failures="0" timestamp="2020-05-20T22:44:38 IST" time="89.710" errors="0">
  <testcase name="CreatefaSAPStatus" time="10.765" classname="com.student.Configuration.TestCases.TC003_SAPStatusCRUDTestCases"/>
  <testcase name="CreateCodeAlreadyExistsValidationfaSAPStatus" time="1.710" classname="com.student.Configuration.TestCases.TC003_SAPStatusCRUDTestCases"/>
  <testcase name="GetEditModefaSAPStatus" time="0.709" classname="com.student.Configuration.TestCases.TC003_SAPStatusCRUDTestCases"/>
  <testcase name="EditfaSAPStatus" time="72.099" classname="com.student.Configuration.TestCases.TC003_SAPStatusCRUDTestCases"/>
  <testcase name="GetDeletefaSAPStatus" time="2.010" classname="com.student.Configuration.TestCases.TC003_SAPStatusCRUDTestCases"/>
  <testcase name="DeletefaSAPStatus" time="2.417" classname="com.student.Configuration.TestCases.TC003_SAPStatusCRUDTestCases"/>
</testsuite> <!-- com.student.Configuration.TestCases.TC003_SAPStatusCRUDTestCases -->
