<?xml version="1.0" encoding="UTF-8"?>
<!-- Generated by org.testng.reporters.JUnitReportReporter -->
<testsuite skipped="0" hostname="LPTIN453" name="com.student.Configuration.TestCases.TC005_Groups" tests="5" failures="0" timestamp="2020-05-31T02:54:05 IST" time="3.056" errors="0">
  <testcase name="CreateNewGroups" time="0.619" classname="com.student.Configuration.TestCases.TC005_Groups"/>
  <testcase name="GetEditGroups" time="0.509" classname="com.student.Configuration.TestCases.TC005_Groups"/>
  <testcase name="EditGroupsandAddStudentMember" time="0.623" classname="com.student.Configuration.TestCases.TC005_Groups"/>
  <testcase name="GetDeleteGroups" time="0.601" classname="com.student.Configuration.TestCases.TC005_Groups"/>
  <testcase name="DeleteGroupsandAddStudentMember" time="0.704" classname="com.student.Configuration.TestCases.TC005_Groups"/>
</testsuite> <!-- com.student.Configuration.TestCases.TC005_Groups -->
