<?xml version="1.0" encoding="UTF-8"?>
<!-- Generated by org.testng.reporters.JUnitReportReporter -->
<testsuite skipped="0" hostname="LPTIN453" name="com.student.Configuration.TestCases.TC002_BudgetsCRUDTestCase" tests="5" failures="0" timestamp="2020-05-31T02:54:05 IST" time="3.782" errors="0">
  <testcase name="CreateRecordBudgets" time="0.955" classname="com.student.Configuration.TestCases.TC002_BudgetsCRUDTestCase"/>
  <testcase name="GetEditBudgets" time="0.693" classname="com.student.Configuration.TestCases.TC002_BudgetsCRUDTestCase"/>
  <testcase name="EditRecordBudgets" time="0.706" classname="com.student.Configuration.TestCases.TC002_BudgetsCRUDTestCase"/>
  <testcase name="GetDeleteBudgets" time="0.626" classname="com.student.Configuration.TestCases.TC002_BudgetsCRUDTestCase"/>
  <testcase name="DeleteRecordBudgets" time="0.802" classname="com.student.Configuration.TestCases.TC002_BudgetsCRUDTestCase"/>
</testsuite> <!-- com.student.Configuration.TestCases.TC002_BudgetsCRUDTestCase -->
