<?xml version="1.0" encoding="UTF-8"?>
<!-- Generated by org.testng.reporters.JUnitReportReporter -->
<testsuite skipped="0" hostname="LPTIN453" name="com.student.Configuration.TestCases.TC011_AdPrograms" tests="4" failures="0" timestamp="2020-05-31T01:27:23 IST" time="10.616" errors="0">
  <testcase name="CreateAdPrograms" time="2.170" classname="com.student.Configuration.TestCases.TC011_AdPrograms"/>
  <testcase name="CreateAdPrograms" time="4.235" classname="com.student.Configuration.TestCases.TC011_AdPrograms"/>
  <testcase name="CodeAlreadyExistsValidationAdPrograms" time="2.082" classname="com.student.Configuration.TestCases.TC011_AdPrograms"/>
  <testcase name="CodeAlreadyExistsValidationAdPrograms" time="2.129" classname="com.student.Configuration.TestCases.TC011_AdPrograms"/>
</testsuite> <!-- com.student.Configuration.TestCases.TC011_AdPrograms -->
