<?xml version="1.0" encoding="UTF-8"?>
<!-- Generated by org.testng.reporters.JUnitReportReporter -->
<testsuite skipped="0" hostname="LPTIN453" name="com.student.Configuration.TestCases.TC001_VisaTypeCRUDTestCase" tests="6" failures="0" timestamp="2020-05-17T17:19:57 IST" time="5.537" errors="0">
  <testcase name="CreateVisaType" time="2.534" classname="com.student.Configuration.TestCases.TC001_VisaTypeCRUDTestCase"/>
  <testcase name="CodeValidationinewNewMode" time="0.581" classname="com.student.Configuration.TestCases.TC001_VisaTypeCRUDTestCase"/>
  <testcase name="GetforEditVisaType" time="0.590" classname="com.student.Configuration.TestCases.TC001_VisaTypeCRUDTestCase"/>
  <testcase name="EditVisaType" time="0.600" classname="com.student.Configuration.TestCases.TC001_VisaTypeCRUDTestCase"/>
  <testcase name="GetforDeleteVisaType" time="0.620" classname="com.student.Configuration.TestCases.TC001_VisaTypeCRUDTestCase"/>
  <testcase name="DeleteVisaType" time="0.612" classname="com.student.Configuration.TestCases.TC001_VisaTypeCRUDTestCase"/>
</testsuite> <!-- com.student.Configuration.TestCases.TC001_VisaTypeCRUDTestCase -->
