<?xml version="1.0" encoding="UTF-8"?>
<!-- Generated by org.testng.reporters.JUnitReportReporter -->
<testsuite skipped="0" hostname="LPTIN453" name="com.student.Configuration.TestCases.TC002_BudgetsCRUDTestCase" tests="5" failures="0" timestamp="2020-06-01T12:44:58 IST" time="3.186" errors="0">
  <testcase name="CreateRecordBudgets" time="0.690" classname="com.student.Configuration.TestCases.TC002_BudgetsCRUDTestCase"/>
  <testcase name="GetEditBudgets" time="0.581" classname="com.student.Configuration.TestCases.TC002_BudgetsCRUDTestCase"/>
  <testcase name="EditRecordBudgets" time="0.647" classname="com.student.Configuration.TestCases.TC002_BudgetsCRUDTestCase"/>
  <testcase name="GetDeleteBudgets" time="0.567" classname="com.student.Configuration.TestCases.TC002_BudgetsCRUDTestCase"/>
  <testcase name="DeleteRecordBudgets" time="0.701" classname="com.student.Configuration.TestCases.TC002_BudgetsCRUDTestCase"/>
</testsuite> <!-- com.student.Configuration.TestCases.TC002_BudgetsCRUDTestCase -->
