<?xml version="1.0" encoding="UTF-8"?>
<!-- Generated by org.testng.reporters.JUnitReportReporter -->
<testsuite skipped="0" hostname="LPTIN453" name="com.student.Configuration.TestCases.TC011_AdPrograms" tests="6" failures="0" timestamp="2020-06-01T12:44:58 IST" time="8.905" errors="0">
  <testcase name="CreateAdPrograms" time="1.373" classname="com.student.Configuration.TestCases.TC011_AdPrograms"/>
  <testcase name="CreateAdPrograms" time="1.247" classname="com.student.Configuration.TestCases.TC011_AdPrograms"/>
  <testcase name="CodeAlreadyExistsValidationAdPrograms" time="1.258" classname="com.student.Configuration.TestCases.TC011_AdPrograms"/>
  <testcase name="CodeAlreadyExistsValidationAdPrograms" time="1.304" classname="com.student.Configuration.TestCases.TC011_AdPrograms"/>
  <testcase name="GetandDeleteAdPrograms" time="2.066" classname="com.student.Configuration.TestCases.TC011_AdPrograms"/>
  <testcase name="GetandDeleteAdPrograms" time="1.657" classname="com.student.Configuration.TestCases.TC011_AdPrograms"/>
</testsuite> <!-- com.student.Configuration.TestCases.TC011_AdPrograms -->
