<?xml version="1.0" encoding="UTF-8"?>
<!-- Generated by org.testng.reporters.JUnitReportReporter -->
<testsuite skipped="0" hostname="LPTIN453" name="com.student.Configuration.TestCases.TC004_faSAPPoliciesandPloicyDetailsCRUDTestCases" tests="11" failures="0" timestamp="2020-06-01T12:44:58 IST" time="7.287" errors="0">
  <testcase name="CreatefaSAPStatus" time="0.628" classname="com.student.Configuration.TestCases.TC004_faSAPPoliciesandPloicyDetailsCRUDTestCases"/>
  <testcase name="CreateNewGroups" time="0.669" classname="com.student.Configuration.TestCases.TC004_faSAPPoliciesandPloicyDetailsCRUDTestCases"/>
  <testcase name="CreateSAPPolicies" time="0.703" classname="com.student.Configuration.TestCases.TC004_faSAPPoliciesandPloicyDetailsCRUDTestCases"/>
  <testcase name="GetEditSAPPolicies" time="0.618" classname="com.student.Configuration.TestCases.TC004_faSAPPoliciesandPloicyDetailsCRUDTestCases"/>
  <testcase name="EditSAPPolicies" time="0.689" classname="com.student.Configuration.TestCases.TC004_faSAPPoliciesandPloicyDetailsCRUDTestCases"/>
  <testcase name="GetDeleteSAPPolicies" time="0.624" classname="com.student.Configuration.TestCases.TC004_faSAPPoliciesandPloicyDetailsCRUDTestCases"/>
  <testcase name="DeleteAPPolicies" time="0.685" classname="com.student.Configuration.TestCases.TC004_faSAPPoliciesandPloicyDetailsCRUDTestCases"/>
  <testcase name="GetDeleteGroups" time="0.640" classname="com.student.Configuration.TestCases.TC004_faSAPPoliciesandPloicyDetailsCRUDTestCases"/>
  <testcase name="DeleteGroupsandAddStudentMember" time="0.675" classname="com.student.Configuration.TestCases.TC004_faSAPPoliciesandPloicyDetailsCRUDTestCases"/>
  <testcase name="GetDeletefaSAPStatus" time="0.608" classname="com.student.Configuration.TestCases.TC004_faSAPPoliciesandPloicyDetailsCRUDTestCases"/>
  <testcase name="DeletefaSAPStatus" time="0.748" classname="com.student.Configuration.TestCases.TC004_faSAPPoliciesandPloicyDetailsCRUDTestCases"/>
</testsuite> <!-- com.student.Configuration.TestCases.TC004_faSAPPoliciesandPloicyDetailsCRUDTestCases -->
