<?xml version="1.0" encoding="UTF-8"?>
<!-- Generated by org.testng.reporters.JUnitReportReporter -->
<testsuite hostname="LPTIN453" name="com.student.TestCases.TC004_faSAPStatusCRUDTestCases" tests="2" failures="0" timestamp="14 May 2020 12:07:03 GMT" time="2.328" errors="0">
  <testcase name="CreateCodeAlreadyExistsValidationfaSAPStatus" time="1.877" classname="com.student.TestCases.TC004_faSAPStatusCRUDTestCases"/>
  <testcase name="SetUpBaseURL" time="0.451" classname="com.student.TestCases.TC004_faSAPStatusCRUDTestCases"/>
</testsuite> <!-- com.student.TestCases.TC004_faSAPStatusCRUDTestCases -->
