<?xml version="1.0" encoding="UTF-8"?>
<!-- Generated by org.testng.reporters.JUnitReportReporter -->
<testsuite skipped="0" hostname="LPTIN453" name="com.student.Configuration.TestCases.TC007_CampusesECRUDTestCases" tests="4" failures="0" timestamp="2020-05-21T19:40:43 IST" time="140.892" errors="0">
  <testcase name="CreateCampus" time="3.653" classname="com.student.Configuration.TestCases.TC007_CampusesECRUDTestCases"/>
  <testcase name="GetCampus" time="0.916" classname="com.student.Configuration.TestCases.TC007_CampusesECRUDTestCases"/>
  <testcase name="EditCampus" time="0.848" classname="com.student.Configuration.TestCases.TC007_CampusesECRUDTestCases"/>
  <testcase name="DeleteCampus" time="135.475" classname="com.student.Configuration.TestCases.TC007_CampusesECRUDTestCases"/>
</testsuite> <!-- com.student.Configuration.TestCases.TC007_CampusesECRUDTestCases -->
