<?xml version="1.0" encoding="UTF-8"?>
<!-- Generated by org.testng.reporters.JUnitReportReporter -->
<testsuite hostname="LPTIN453" name="com.student.TestCases.TC005_Groups" tests="5" failures="0" timestamp="15 May 2020 16:20:24 GMT" time="2.082" errors="0">
  <testcase name="GetDeleteGroups" time="0.372" classname="com.student.TestCases.TC005_Groups"/>
  <testcase name="CreateNewGroups" time="0.428" classname="com.student.TestCases.TC005_Groups"/>
  <testcase name="GetEditGroups" time="0.396" classname="com.student.TestCases.TC005_Groups"/>
  <testcase name="EditGroupsandAddStudentMember" time="0.459" classname="com.student.TestCases.TC005_Groups"/>
  <testcase name="DeleteGroupsandAddStudentMember" time="0.427" classname="com.student.TestCases.TC005_Groups"/>
</testsuite> <!-- com.student.TestCases.TC005_Groups -->
