<?xml version="1.0" encoding="UTF-8"?>
<!-- Generated by org.testng.reporters.JUnitReportReporter -->
<testsuite skipped="0" hostname="LPTIN453" name="Configuration.FinancialAid.TestCases.TC004_faSAPPoliciesandPloicyDetailsCRUDTestCases" tests="11" failures="0" timestamp="2020-06-05T00:45:00 IST" time="18.587" errors="0">
  <testcase name="CreatefaSAPStatus" time="0.883" classname="Configuration.FinancialAid.TestCases.TC004_faSAPPoliciesandPloicyDetailsCRUDTestCases"/>
  <testcase name="CreateNewGroups" time="0.726" classname="Configuration.FinancialAid.TestCases.TC004_faSAPPoliciesandPloicyDetailsCRUDTestCases"/>
  <testcase name="CreateSAPPolicies" time="0.830" classname="Configuration.FinancialAid.TestCases.TC004_faSAPPoliciesandPloicyDetailsCRUDTestCases"/>
  <testcase name="GetEditSAPPolicies" time="0.694" classname="Configuration.FinancialAid.TestCases.TC004_faSAPPoliciesandPloicyDetailsCRUDTestCases"/>
  <testcase name="EditSAPPolicies" time="0.633" classname="Configuration.FinancialAid.TestCases.TC004_faSAPPoliciesandPloicyDetailsCRUDTestCases"/>
  <testcase name="GetDeleteSAPPolicies" time="2.648" classname="Configuration.FinancialAid.TestCases.TC004_faSAPPoliciesandPloicyDetailsCRUDTestCases"/>
  <testcase name="DeleteAPPolicies" time="6.444" classname="Configuration.FinancialAid.TestCases.TC004_faSAPPoliciesandPloicyDetailsCRUDTestCases"/>
  <testcase name="GetDeleteGroups" time="0.551" classname="Configuration.FinancialAid.TestCases.TC004_faSAPPoliciesandPloicyDetailsCRUDTestCases"/>
  <testcase name="DeleteGroupsandAddStudentMember" time="0.672" classname="Configuration.FinancialAid.TestCases.TC004_faSAPPoliciesandPloicyDetailsCRUDTestCases"/>
  <testcase name="GetDeletefaSAPStatus" time="0.636" classname="Configuration.FinancialAid.TestCases.TC004_faSAPPoliciesandPloicyDetailsCRUDTestCases"/>
  <testcase name="DeletefaSAPStatus" time="3.870" classname="Configuration.FinancialAid.TestCases.TC004_faSAPPoliciesandPloicyDetailsCRUDTestCases"/>
</testsuite> <!-- Configuration.FinancialAid.TestCases.TC004_faSAPPoliciesandPloicyDetailsCRUDTestCases -->
