<?xml version="1.0" encoding="UTF-8"?>
<!-- Generated by org.testng.reporters.JUnitReportReporter -->
<testsuite skipped="0" hostname="LPTIN453" name="Configuration.ContactManager.TestCases.TC001_VisaTypeCRUDTestCase" tests="6" failures="0" timestamp="2020-06-05T00:45:00 IST" time="4.709" errors="0">
  <testcase name="CreateVisaType" time="0.850" classname="Configuration.ContactManager.TestCases.TC001_VisaTypeCRUDTestCase"/>
  <testcase name="CodeValidationinewNewMode" time="0.780" classname="Configuration.ContactManager.TestCases.TC001_VisaTypeCRUDTestCase"/>
  <testcase name="GetforEditVisaType" time="0.833" classname="Configuration.ContactManager.TestCases.TC001_VisaTypeCRUDTestCase"/>
  <testcase name="EditVisaType" time="0.772" classname="Configuration.ContactManager.TestCases.TC001_VisaTypeCRUDTestCase"/>
  <testcase name="GetforDeleteVisaType" time="0.653" classname="Configuration.ContactManager.TestCases.TC001_VisaTypeCRUDTestCase"/>
  <testcase name="DeleteVisaType" time="0.821" classname="Configuration.ContactManager.TestCases.TC001_VisaTypeCRUDTestCase"/>
</testsuite> <!-- Configuration.ContactManager.TestCases.TC001_VisaTypeCRUDTestCase -->
