<?xml version="1.0" encoding="UTF-8"?>
<!-- Generated by org.testng.reporters.JUnitReportReporter -->
<testsuite hostname="LPTIN453" name="com.student.TestCases.TC001_VisaTypeCRUDTestCase" tests="6" failures="0" timestamp="13 May 2020 19:41:06 GMT" time="6.195" errors="0">
  <testcase name="GetforEditVisaType" time="1.066" classname="com.student.TestCases.TC001_VisaTypeCRUDTestCase"/>
  <testcase name="DeleteVisaType" time="0.716" classname="com.student.TestCases.TC001_VisaTypeCRUDTestCase"/>
  <testcase name="GetforDeleteVisaType" time="0.637" classname="com.student.TestCases.TC001_VisaTypeCRUDTestCase"/>
  <testcase name="CreateVisaType" time="2.373" classname="com.student.TestCases.TC001_VisaTypeCRUDTestCase"/>
  <testcase name="EditVisaType" time="0.784" classname="com.student.TestCases.TC001_VisaTypeCRUDTestCase"/>
  <testcase name="CodeValidationinewNewMode" time="0.619" classname="com.student.TestCases.TC001_VisaTypeCRUDTestCase"/>
</testsuite> <!-- com.student.TestCases.TC001_VisaTypeCRUDTestCase -->
