<?xml version="1.0" encoding="UTF-8"?>
<!-- Generated by org.testng.reporters.JUnitReportReporter -->
<testsuite skipped="0" hostname="LPTIN453" name="Configuration.FinancialAid.TestCases.TC005_Groups" tests="5" failures="0" timestamp="2020-06-05T00:45:00 IST" time="4.468" errors="0">
  <testcase name="CreateNewGroups" time="0.861" classname="Configuration.FinancialAid.TestCases.TC005_Groups"/>
  <testcase name="GetEditGroups" time="1.159" classname="Configuration.FinancialAid.TestCases.TC005_Groups"/>
  <testcase name="EditGroupsandAddStudentMember" time="0.960" classname="Configuration.FinancialAid.TestCases.TC005_Groups"/>
  <testcase name="GetDeleteGroups" time="0.689" classname="Configuration.FinancialAid.TestCases.TC005_Groups"/>
  <testcase name="DeleteGroupsandAddStudentMember" time="0.799" classname="Configuration.FinancialAid.TestCases.TC005_Groups"/>
</testsuite> <!-- Configuration.FinancialAid.TestCases.TC005_Groups -->
