<?xml version="1.0" encoding="UTF-8"?>
<!-- Generated by org.testng.reporters.JUnitReportReporter -->
<testsuite skipped="0" hostname="LPTIN453" name="com.student.Configuration.TestCases.TC009_TermsCRUDTestCases" tests="9" failures="0" timestamp="2020-05-31T00:58:31 IST" time="135.529" errors="0">
  <testcase name="CreateTerm" time="0.635" classname="com.student.Configuration.TestCases.TC009_TermsCRUDTestCases"/>
  <testcase name="CreateTerm" time="8.436" classname="com.student.Configuration.TestCases.TC009_TermsCRUDTestCases"/>
  <testcase name="CreateTerm" time="0.710" classname="com.student.Configuration.TestCases.TC009_TermsCRUDTestCases"/>
  <testcase name="CreateTerm" time="0.661" classname="com.student.Configuration.TestCases.TC009_TermsCRUDTestCases"/>
  <testcase name="EditTerm" time="1.224" classname="com.student.Configuration.TestCases.TC009_TermsCRUDTestCases"/>
  <testcase name="EditTerm" time="1.622" classname="com.student.Configuration.TestCases.TC009_TermsCRUDTestCases"/>
  <testcase name="EditTerm" time="1.334" classname="com.student.Configuration.TestCases.TC009_TermsCRUDTestCases"/>
  <testcase name="EditTerm" time="1.323" classname="com.student.Configuration.TestCases.TC009_TermsCRUDTestCases"/>
  <testcase name="DeleteTerms" time="119.584" classname="com.student.Configuration.TestCases.TC009_TermsCRUDTestCases"/>
</testsuite> <!-- com.student.Configuration.TestCases.TC009_TermsCRUDTestCases -->
