<?xml version="1.0" encoding="UTF-8"?>
<!-- Generated by org.testng.reporters.JUnitReportReporter -->
<testsuite hostname="LPTIN453" name="com.student.TestCases.TC002_BudgetsCRUDTestCase" tests="5" failures="0" timestamp="13 May 2020 19:41:07 GMT" time="3.616" errors="0">
  <testcase name="GetDeleteBudgets" time="0.681" classname="com.student.TestCases.TC002_BudgetsCRUDTestCase"/>
  <testcase name="EditRecordBudgets" time="0.761" classname="com.student.TestCases.TC002_BudgetsCRUDTestCase"/>
  <testcase name="CreateRecordBudgets" time="0.838" classname="com.student.TestCases.TC002_BudgetsCRUDTestCase"/>
  <testcase name="GetEditBudgets" time="0.676" classname="com.student.TestCases.TC002_BudgetsCRUDTestCase"/>
  <testcase name="DeleteRecordBudgets" time="0.660" classname="com.student.TestCases.TC002_BudgetsCRUDTestCase"/>
</testsuite> <!-- com.student.TestCases.TC002_BudgetsCRUDTestCase -->
