<?xml version="1.0" encoding="UTF-8"?>
<!-- Generated by org.testng.reporters.JUnitReportReporter -->
<testsuite hostname="LPTIN453" name="com.student.TestCases.TC002_BudgetsCRUDTestCase" tests="5" failures="0" timestamp="13 May 2020 19:42:09 GMT" time="3.426" errors="0">
  <testcase name="GetDeleteBudgets" time="0.571" classname="com.student.TestCases.TC002_BudgetsCRUDTestCase"/>
  <testcase name="DeleteRecordBudgets" time="0.709" classname="com.student.TestCases.TC002_BudgetsCRUDTestCase"/>
  <testcase name="GetEditBudgets" time="0.626" classname="com.student.TestCases.TC002_BudgetsCRUDTestCase"/>
  <testcase name="EditRecordBudgets" time="0.739" classname="com.student.TestCases.TC002_BudgetsCRUDTestCase"/>
  <testcase name="CreateRecordBudgets" time="0.781" classname="com.student.TestCases.TC002_BudgetsCRUDTestCase"/>
</testsuite> <!-- com.student.TestCases.TC002_BudgetsCRUDTestCase -->
