<?xml version="1.0" encoding="UTF-8"?>
<!-- Generated by org.testng.reporters.JUnitReportReporter -->
<testsuite hostname="LPTIN453" name="com.student.Configuration.TestCases.TC002_BudgetsCRUDTestCase" tests="5" failures="0" timestamp="17 May 2020 11:46:06 GMT" time="3.290" errors="0">
  <testcase name="DeleteRecordBudgets" time="0.682" classname="com.student.Configuration.TestCases.TC002_BudgetsCRUDTestCase"/>
  <testcase name="EditRecordBudgets" time="0.624" classname="com.student.Configuration.TestCases.TC002_BudgetsCRUDTestCase"/>
  <testcase name="GetDeleteBudgets" time="0.555" classname="com.student.Configuration.TestCases.TC002_BudgetsCRUDTestCase"/>
  <testcase name="GetEditBudgets" time="0.614" classname="com.student.Configuration.TestCases.TC002_BudgetsCRUDTestCase"/>
  <testcase name="CreateRecordBudgets" time="0.815" classname="com.student.Configuration.TestCases.TC002_BudgetsCRUDTestCase"/>
</testsuite> <!-- com.student.Configuration.TestCases.TC002_BudgetsCRUDTestCase -->
