<?xml version="1.0" encoding="UTF-8"?>
<!-- Generated by org.testng.reporters.JUnitReportReporter -->
<testsuite hostname="LPTIN453" name="com.student.Configuration.TestCases.TC001_VisaTypeCRUDTestCase" tests="6" failures="0" timestamp="17 May 2020 11:46:06 GMT" time="5.490" errors="0">
  <testcase name="EditVisaType" time="0.550" classname="com.student.Configuration.TestCases.TC001_VisaTypeCRUDTestCase"/>
  <testcase name="CodeValidationinewNewMode" time="0.602" classname="com.student.Configuration.TestCases.TC001_VisaTypeCRUDTestCase"/>
  <testcase name="CreateVisaType" time="2.595" classname="com.student.Configuration.TestCases.TC001_VisaTypeCRUDTestCase"/>
  <testcase name="GetforEditVisaType" time="0.598" classname="com.student.Configuration.TestCases.TC001_VisaTypeCRUDTestCase"/>
  <testcase name="GetforDeleteVisaType" time="0.551" classname="com.student.Configuration.TestCases.TC001_VisaTypeCRUDTestCase"/>
  <testcase name="DeleteVisaType" time="0.594" classname="com.student.Configuration.TestCases.TC001_VisaTypeCRUDTestCase"/>
</testsuite> <!-- com.student.Configuration.TestCases.TC001_VisaTypeCRUDTestCase -->
